#
# A fatal error has been detected by the Java Runtime Environment:
#
#  EXCEPTION_ACCESS_VIOLATION (0xc0000005) at pc=0x00007ffabffb6580, pid=60496, tid=0x000000000000e9f0
#
# JRE version: Java(TM) SE Runtime Environment (8.0_261-b12) (build 1.8.0_261-b12)
# Java VM: Java HotSpot(TM) 64-Bit Server VM (25.261-b12 mixed mode windows-amd64 compressed oops)
# Problematic frame:
# C  [glass.dll+0x26580]
#
# Failed to write core dump. Minidumps are not enabled by default on client versions of Windows
#
# If you would like to submit a bug report, please visit:
#   http://bugreport.java.com/bugreport/crash.jsp
#

---------------  T H R E A D  ---------------

Current thread (0x0000018f495d4800):  VMThread [stack: 0x0000004ef2f00000,0x0000004ef3000000] [id=59888]

siginfo: ExceptionCode=0xc0000005, reading address 0x0000000000000000

Registers:
RAX=0x0000000000000000, RBX=0x0000018f3349d478, RCX=0x0000018f495d4800, RDX=0x000000006adbf530
RSP=0x0000004ef2ffeff0, RBP=0x0000018f4b980ac8, RSI=0x0000018f4b980aa0, RDI=0x0000984925bb7807
R8 =0x0000000000010002, R9 =0x0000984925bb7807, R10=0x0000000000008000, R11=0x0000004ef2ffef90
R12=0x00007ffabffb39e4, R13=0x0000018f33499da0, R14=0x0000004ef2fff0f8, R15=0x0000018f4b980aa0
RIP=0x00007ffabffb6580, EFLAGS=0x0000000000010206

Top of Stack: (sp=0x0000004ef2ffeff0)
0x0000004ef2ffeff0:   0000000000000000 00007ffad7e714cb
0x0000004ef2fff000:   0000018f4b980ab0 0000018f4b980aa0
0x0000004ef2fff010:   fffffffffffffffe 00007ffabffca1b0
0x0000004ef2fff020:   0000018f4b980aa8 00007ffad7e79d06
0x0000004ef2fff030:   0000018f4b980ab0 0000018f00000000
0x0000004ef2fff040:   0000000000000000 00007ffad7e79f46
0x0000004ef2fff050:   fffffffffffffffe 0000000000000000
0x0000004ef2fff060:   0000000000000001 00007ffabff90000
0x0000004ef2fff070:   0000004ef2fff0e8 00007ffad7e79c2b
0x0000004ef2fff080:   0000000000000000 0000004ef2fff0f8
0x0000004ef2fff090:   0000004ef2fff3b0 00007ffad7f4bc30
0x0000004ef2fff0a0:   0000000000000000 00007ffad7e79be4
0x0000004ef2fff0b0:   0000000000000000 0000000000000001
0x0000004ef2fff0c0:   00007ffa0000000d 0000004ef2fff0e8
0x0000004ef2fff0d0:   0000000000000000 00007ffabffb3872
0x0000004ef2fff0e0:   00007ffabffcd128 00007ffa00000002 

Instructions: (pc=0x00007ffabffb6580)
0x00007ffabffb6560:   40 53 48 83 ec 30 48 c7 44 24 20 fe ff ff ff 48
0x00007ffabffb6570:   8b 1d aa 65 01 00 48 85 db 74 16 e8 f0 85 ff ff
0x00007ffabffb6580:   4c 8b 00 48 8b d3 48 8b c8 41 ff 90 b0 00 00 00
0x00007ffabffb6590:   90 48 83 c4 30 5b c3 cc cc cc cc cc cc cc cc cc 


Register to memory mapping:

RAX=0x0000000000000000 is an unknown value
RBX=0x0000018f3349d478 is a global jni handle
RCX=0x0000018f495d4800 is an unknown value
RDX=0x000000006adbf530 is an unknown value
RSP=0x0000004ef2ffeff0 is an unknown value
RBP=0x0000018f4b980ac8 is an unknown value
RSI=0x0000018f4b980aa0 is an unknown value
RDI=0x0000984925bb7807 is an unknown value
R8 =0x0000000000010002 is an unknown value
R9 =0x0000984925bb7807 is an unknown value
R10=0x0000000000008000 is an unknown value
R11=0x0000004ef2ffef90 is an unknown value
R12=0x00007ffabffb39e4 is an unknown value
R13=0x0000018f33499da0 is an unknown value
R14=0x0000004ef2fff0f8 is an unknown value
R15=0x0000018f4b980aa0 is an unknown value


Stack: [0x0000004ef2f00000,0x0000004ef3000000],  sp=0x0000004ef2ffeff0,  free space=1019k
Native frames: (J=compiled Java code, j=interpreted, Vv=VM code, C=native code)
C  [glass.dll+0x26580]
C  [ucrtbase.dll+0x19d06]
C  [ucrtbase.dll+0x19c2b]
C  [ucrtbase.dll+0x19be4]
C  [glass.dll+0x23872]
C  [glass.dll+0x23998]
C  [ntdll.dll+0x25021]
C  [ntdll.dll+0x6aa82]
C  [ntdll.dll+0x6a92d]
C  [KERNEL32.DLL+0x1cd8a]
C  [ucrtbase.dll+0x1ae38]
C  [ucrtbase.dll+0x186ef]
V  [jvm.dll+0x21a845]
V  [jvm.dll+0x2550d6]
V  [jvm.dll+0x255637]
V  [jvm.dll+0x253da5]
V  [jvm.dll+0x25451c]
V  [jvm.dll+0x25482c]
V  [jvm.dll+0x2a1cfc]
C  [ucrtbase.dll+0x20e82]
C  [KERNEL32.DLL+0x17bd4]
C  [ntdll.dll+0x6ce51]

VM_Operation (0x0000004ef34ff090): Exit, mode: safepoint, requested by thread 0x0000018f49697000


---------------  P R O C E S S  ---------------

Java Threads: ( => current thread )
  0x0000018f49697000 JavaThread "SIGINT handler" daemon [_thread_blocked, id=49944, stack(0x0000004ef3400000,0x0000004ef3500000)]
  0x0000018f4bc77000 JavaThread "Prism Font Disposer" daemon [_thread_blocked, id=18584, stack(0x0000004ef4800000,0x0000004ef4900000)]
  0x0000018f4bbc1800 JavaThread "Thread-3" daemon [_thread_in_native, id=2832, stack(0x0000004ef4300000,0x0000004ef4400000)]
  0x0000018f4bbbb000 JavaThread "JavaFX-Launcher" [_thread_blocked, id=42512, stack(0x0000004ef4400000,0x0000004ef4500000)]
  0x0000018f4bab8800 JavaThread "JavaFX Application Thread" [_thread_blocked, id=56264, stack(0x0000004ef3f00000,0x0000004ef4000000)]
  0x0000018f4baab000 JavaThread "Thread-1" daemon [_thread_blocked, id=26332, stack(0x0000004ef3e00000,0x0000004ef3f00000)]
  0x0000018f4b945800 JavaThread "QuantumRenderer-0" daemon [_thread_blocked, id=35296, stack(0x0000004ef3d00000,0x0000004ef3e00000)]
  0x0000018f4b59a800 JavaThread "Service Thread" daemon [_thread_blocked, id=25996, stack(0x0000004ef3b00000,0x0000004ef3c00000)]
  0x0000018f4b519800 JavaThread "C1 CompilerThread3" daemon [_thread_blocked, id=25856, stack(0x0000004ef3a00000,0x0000004ef3b00000)]
  0x0000018f4b519000 JavaThread "C2 CompilerThread2" daemon [_thread_blocked, id=25524, stack(0x0000004ef3900000,0x0000004ef3a00000)]
  0x0000018f4b518000 JavaThread "C2 CompilerThread1" daemon [_thread_blocked, id=18792, stack(0x0000004ef3800000,0x0000004ef3900000)]
  0x0000018f4b513000 JavaThread "C2 CompilerThread0" daemon [_thread_blocked, id=23796, stack(0x0000004ef3700000,0x0000004ef3800000)]
  0x0000018f49694000 JavaThread "JDWP Event Helper Thread" daemon [_thread_blocked, id=56520, stack(0x0000004ef3500000,0x0000004ef3600000)]
  0x0000018f4967c800 JavaThread "Attach Listener" daemon [_thread_blocked, id=48852, stack(0x0000004ef3300000,0x0000004ef3400000)]
  0x0000018f49624000 JavaThread "Signal Dispatcher" daemon [_thread_blocked, id=6296, stack(0x0000004ef3200000,0x0000004ef3300000)]
  0x0000018f49604000 JavaThread "Finalizer" daemon [_thread_blocked, id=15276, stack(0x0000004ef3100000,0x0000004ef3200000)]
  0x0000018f495fc800 JavaThread "Reference Handler" daemon [_thread_blocked, id=65124, stack(0x0000004ef3000000,0x0000004ef3100000)]
  0x0000018f333ed800 JavaThread "main" [_thread_blocked, id=6488, stack(0x0000004ef2600000,0x0000004ef2700000)]

Other Threads:
=>0x0000018f495d4800 VMThread [stack: 0x0000004ef2f00000,0x0000004ef3000000] [id=59888]

VM state:at safepoint (shutting down)

VM Mutex/Monitor currently owned by a thread:  ([mutex/lock_event])
[0x0000018f333ecac0] Threads_lock - owner thread: 0x0000018f495d4800

heap address: 0x0000000081800000, size: 2024 MB, Compressed Oops mode: 32-bit
Narrow klass base: 0x0000000000000000, Narrow klass shift: 3
Compressed class space size: 1073741824 Address: 0x0000000100000000

Heap:
 PSYoungGen      total 38400K, used 19975K [0x00000000d5d80000, 0x00000000d8800000, 0x0000000100000000)
  eden space 33280K, 60% used [0x00000000d5d80000,0x00000000d7101eb8,0x00000000d7e00000)
  from space 5120K, 0% used [0x00000000d7e00000,0x00000000d7e00000,0x00000000d8300000)
  to   space 5120K, 0% used [0x00000000d8300000,0x00000000d8300000,0x00000000d8800000)
 ParOldGen       total 49664K, used 9111K [0x0000000081800000, 0x0000000084880000, 0x00000000d5d80000)
  object space 49664K, 18% used [0x0000000081800000,0x00000000820e5c40,0x0000000084880000)
 Metaspace       used 23067K, capacity 24278K, committed 24576K, reserved 1071104K
  class space    used 3214K, capacity 3472K, committed 3584K, reserved 1048576K

Card table byte_map: [0x0000018f441c0000,0x0000018f445c0000] byte_map_base: 0x0000018f43db4000

Marking Bits: (ParMarkBitMap*) 0x000000006afb4fb0
 Begin Bits: [0x0000018f44870000, 0x0000018f46810000)
 End Bits:   [0x0000018f46810000, 0x0000018f487b0000)

Polling page: 0x0000018f335e0000

CodeCache: size=245760Kb used=11516Kb max_used=11731Kb free=234243Kb
 bounds [0x0000018f34e00000, 0x0000018f35980000, 0x0000018f43e00000]
 total_blobs=4054 nmethods=3359 adapters=615
 compilation: enabled

Compilation events (10 events):
Event: 72.450 Thread 0x0000018f4b519800 nmethod 3446 0x0000018f34f23610 code [0x0000018f34f237a0, 0x0000018f34f23b70]
Event: 72.450 Thread 0x0000018f4b519800 3447       1       com.sun.javafx.css.parser.Token::getType (5 bytes)
Event: 72.450 Thread 0x0000018f4b519800 nmethod 3447 0x0000018f34f23350 code [0x0000018f34f234a0, 0x0000018f34f235b8]
Event: 72.452 Thread 0x0000018f4b519800 3448       3       java.util.Properties$LineReader::readLine (468 bytes)
Event: 72.454 Thread 0x0000018f4b519800 nmethod 3448 0x0000018f3597b590 code [0x0000018f3597b840, 0x0000018f3597d310]
Event: 72.455 Thread 0x0000018f4b519000 3449 %     4       java.util.Properties$LineReader::readLine @ 21 (468 bytes)
Event: 72.459 Thread 0x0000018f4b519800 3450       3       java.util.logging.LogManager::access$100 (4 bytes)
Event: 72.460 Thread 0x0000018f4b519800 nmethod 3450 0x0000018f34f23050 code [0x0000018f34f231a0, 0x0000018f34f232d8]
Event: 72.460 Thread 0x0000018f4b519800 3451       3       java.util.logging.LogManager$LoggerContext::requiresDefaultLoggers (29 bytes)
Event: 72.460 Thread 0x0000018f4b519800 nmethod 3451 0x0000018f34f3c390 code [0x0000018f34f3c500, 0x0000018f34f3c950]

GC Heap History (8 events):
Event: 1.406 GC heap before
{Heap before GC invocations=1 (full 0):
 PSYoungGen      total 38400K, used 33280K [0x00000000d5d80000, 0x00000000d8800000, 0x0000000100000000)
  eden space 33280K, 100% used [0x00000000d5d80000,0x00000000d7e00000,0x00000000d7e00000)
  from space 5120K, 0% used [0x00000000d8300000,0x00000000d8300000,0x00000000d8800000)
  to   space 5120K, 0% used [0x00000000d7e00000,0x00000000d7e00000,0x00000000d8300000)
 ParOldGen       total 87552K, used 0K [0x0000000081800000, 0x0000000086d80000, 0x00000000d5d80000)
  object space 87552K, 0% used [0x0000000081800000,0x0000000081800000,0x0000000086d80000)
 Metaspace       used 11113K, capacity 11474K, committed 11520K, reserved 1058816K
  class space    used 1391K, capacity 1514K, committed 1536K, reserved 1048576K
Event: 1.408 GC heap after
Heap after GC invocations=1 (full 0):
 PSYoungGen      total 38400K, used 3661K [0x00000000d5d80000, 0x00000000d8800000, 0x0000000100000000)
  eden space 33280K, 0% used [0x00000000d5d80000,0x00000000d5d80000,0x00000000d7e00000)
  from space 5120K, 71% used [0x00000000d7e00000,0x00000000d8193570,0x00000000d8300000)
  to   space 5120K, 0% used [0x00000000d8300000,0x00000000d8300000,0x00000000d8800000)
 ParOldGen       total 87552K, used 80K [0x0000000081800000, 0x0000000086d80000, 0x00000000d5d80000)
  object space 87552K, 0% used [0x0000000081800000,0x0000000081814010,0x0000000086d80000)
 Metaspace       used 11113K, capacity 11474K, committed 11520K, reserved 1058816K
  class space    used 1391K, capacity 1514K, committed 1536K, reserved 1048576K
}
Event: 38.415 GC heap before
{Heap before GC invocations=2 (full 0):
 PSYoungGen      total 38400K, used 36941K [0x00000000d5d80000, 0x00000000d8800000, 0x0000000100000000)
  eden space 33280K, 100% used [0x00000000d5d80000,0x00000000d7e00000,0x00000000d7e00000)
  from space 5120K, 71% used [0x00000000d7e00000,0x00000000d8193570,0x00000000d8300000)
  to   space 5120K, 0% used [0x00000000d8300000,0x00000000d8300000,0x00000000d8800000)
 ParOldGen       total 87552K, used 80K [0x0000000081800000, 0x0000000086d80000, 0x00000000d5d80000)
  object space 87552K, 0% used [0x0000000081800000,0x0000000081814010,0x0000000086d80000)
 Metaspace       used 19261K, capacity 20182K, committed 20352K, reserved 1067008K
  class space    used 2736K, capacity 2926K, committed 2944K, reserved 1048576K
Event: 38.421 GC heap after
Heap after GC invocations=2 (full 0):
 PSYoungGen      total 38400K, used 5088K [0x00000000d5d80000, 0x00000000d8800000, 0x0000000100000000)
  eden space 33280K, 0% used [0x00000000d5d80000,0x00000000d5d80000,0x00000000d7e00000)
  from space 5120K, 99% used [0x00000000d8300000,0x00000000d87f8050,0x00000000d8800000)
  to   space 5120K, 0% used [0x00000000d7e00000,0x00000000d7e00000,0x00000000d8300000)
 ParOldGen       total 87552K, used 6233K [0x0000000081800000, 0x0000000086d80000, 0x00000000d5d80000)
  object space 87552K, 7% used [0x0000000081800000,0x0000000081e16540,0x0000000086d80000)
 Metaspace       used 19261K, capacity 20182K, committed 20352K, reserved 1067008K
  class space    used 2736K, capacity 2926K, committed 2944K, reserved 1048576K
}
Event: 38.920 GC heap before
{Heap before GC invocations=3 (full 0):
 PSYoungGen      total 38400K, used 10684K [0x00000000d5d80000, 0x00000000d8800000, 0x0000000100000000)
  eden space 33280K, 16% used [0x00000000d5d80000,0x00000000d62f7378,0x00000000d7e00000)
  from space 5120K, 99% used [0x00000000d8300000,0x00000000d87f8050,0x00000000d8800000)
  to   space 5120K, 0% used [0x00000000d7e00000,0x00000000d7e00000,0x00000000d8300000)
 ParOldGen       total 87552K, used 6233K [0x0000000081800000, 0x0000000086d80000, 0x00000000d5d80000)
  object space 87552K, 7% used [0x0000000081800000,0x0000000081e16540,0x0000000086d80000)
 Metaspace       used 20258K, capacity 21200K, committed 21248K, reserved 1067008K
  class space    used 2872K, capacity 3051K, committed 3072K, reserved 1048576K
Event: 38.924 GC heap after
Heap after GC invocations=3 (full 0):
 PSYoungGen      total 38400K, used 5104K [0x00000000d5d80000, 0x00000000d8800000, 0x0000000100000000)
  eden space 33280K, 0% used [0x00000000d5d80000,0x00000000d5d80000,0x00000000d7e00000)
  from space 5120K, 99% used [0x00000000d7e00000,0x00000000d82fc040,0x00000000d8300000)
  to   space 5120K, 0% used [0x00000000d8300000,0x00000000d8300000,0x00000000d8800000)
 ParOldGen       total 87552K, used 6801K [0x0000000081800000, 0x0000000086d80000, 0x00000000d5d80000)
  object space 87552K, 7% used [0x0000000081800000,0x0000000081ea4540,0x0000000086d80000)
 Metaspace       used 20258K, capacity 21200K, committed 21248K, reserved 1067008K
  class space    used 2872K, capacity 3051K, committed 3072K, reserved 1048576K
}
Event: 38.924 GC heap before
{Heap before GC invocations=4 (full 1):
 PSYoungGen      total 38400K, used 5104K [0x00000000d5d80000, 0x00000000d8800000, 0x0000000100000000)
  eden space 33280K, 0% used [0x00000000d5d80000,0x00000000d5d80000,0x00000000d7e00000)
  from space 5120K, 99% used [0x00000000d7e00000,0x00000000d82fc040,0x00000000d8300000)
  to   space 5120K, 0% used [0x00000000d8300000,0x00000000d8300000,0x00000000d8800000)
 ParOldGen       total 87552K, used 6801K [0x0000000081800000, 0x0000000086d80000, 0x00000000d5d80000)
  object space 87552K, 7% used [0x0000000081800000,0x0000000081ea4540,0x0000000086d80000)
 Metaspace       used 20258K, capacity 21200K, committed 21248K, reserved 1067008K
  class space    used 2872K, capacity 3051K, committed 3072K, reserved 1048576K
Event: 38.950 GC heap after
Heap after GC invocations=4 (full 1):
 PSYoungGen      total 38400K, used 0K [0x00000000d5d80000, 0x00000000d8800000, 0x0000000100000000)
  eden space 33280K, 0% used [0x00000000d5d80000,0x00000000d5d80000,0x00000000d7e00000)
  from space 5120K, 0% used [0x00000000d7e00000,0x00000000d7e00000,0x00000000d8300000)
  to   space 5120K, 0% used [0x00000000d8300000,0x00000000d8300000,0x00000000d8800000)
 ParOldGen       total 49664K, used 9111K [0x0000000081800000, 0x0000000084880000, 0x00000000d5d80000)
  object space 49664K, 18% used [0x0000000081800000,0x00000000820e5c40,0x0000000084880000)
 Metaspace       used 20258K, capacity 21200K, committed 21248K, reserved 1067008K
  class space    used 2872K, capacity 3051K, committed 3072K, reserved 1048576K
}

Deoptimization events (10 events):
Event: 41.026 Thread 0x0000018f4bab8800 Uncommon trap: reason=unstable_if action=reinterpret pc=0x0000018f3573b384 method=com.sun.javafx.css.ParsedValueImpl.getContainsLookupsFlag(Ljava/lang/Object;)Z @ 18
Event: 41.026 Thread 0x0000018f4bab8800 Uncommon trap: reason=class_check action=maybe_recompile pc=0x0000018f3544d1a8 method=java.util.WeakHashMap.eq(Ljava/lang/Object;Ljava/lang/Object;)Z @ 7
Event: 41.029 Thread 0x0000018f4bab8800 Uncommon trap: reason=class_check action=maybe_recompile pc=0x0000018f3544d1a8 method=java.util.WeakHashMap.eq(Ljava/lang/Object;Ljava/lang/Object;)Z @ 7
Event: 41.030 Thread 0x0000018f4bab8800 Uncommon trap: reason=class_check action=maybe_recompile pc=0x0000018f3544d1a8 method=java.util.WeakHashMap.eq(Ljava/lang/Object;Ljava/lang/Object;)Z @ 7
Event: 41.048 Thread 0x0000018f4bab8800 Uncommon trap: reason=array_check action=maybe_recompile pc=0x0000018f357c115c method=com.sun.javafx.css.CompoundSelector.applies(Ljavafx/css/Styleable;[Ljava/util/Set;I)Z @ 128
Event: 41.049 Thread 0x0000018f4bab8800 Uncommon trap: reason=array_check action=maybe_recompile pc=0x0000018f357c115c method=com.sun.javafx.css.CompoundSelector.applies(Ljavafx/css/Styleable;[Ljava/util/Set;I)Z @ 128
Event: 41.049 Thread 0x0000018f4bab8800 Uncommon trap: reason=array_check action=maybe_recompile pc=0x0000018f357c115c method=com.sun.javafx.css.CompoundSelector.applies(Ljavafx/css/Styleable;[Ljava/util/Set;I)Z @ 128
Event: 41.049 Thread 0x0000018f4bab8800 Uncommon trap: reason=array_check action=maybe_recompile pc=0x0000018f357c115c method=com.sun.javafx.css.CompoundSelector.applies(Ljavafx/css/Styleable;[Ljava/util/Set;I)Z @ 128
Event: 41.171 Thread 0x0000018f4b945800 Uncommon trap: reason=unstable_if action=reinterpret pc=0x0000018f355ba490 method=java.lang.Math.round(F)I @ 36
Event: 72.428 Thread 0x0000018f4bab8800 Uncommon trap: reason=unstable_if action=reinterpret pc=0x0000018f3580a314 method=javafx.scene.Parent.impl_getAllParentStylesheets()Ljava/util/List; @ 32

Classes redefined (0 events):
No events

Internal exceptions (10 events):
Event: 38.306 Thread 0x0000018f4bab8800 Exception <a 'java/lang/ArrayIndexOutOfBoundsException'> (0x00000000d78b0a60) thrown at [C:\jenkins\workspace\8-2-build-windows-amd64-cygwin\jdk8u261\295\hotspot\src\share\vm\runtime\sharedRuntime.cpp, line 605]
Event: 38.307 Thread 0x0000018f4bab8800 Exception <a 'java/lang/ArrayIndexOutOfBoundsException'> (0x00000000d78c9150) thrown at [C:\jenkins\workspace\8-2-build-windows-amd64-cygwin\jdk8u261\295\hotspot\src\share\vm\runtime\sharedRuntime.cpp, line 605]
Event: 38.408 Thread 0x0000018f4bab8800 Exception <a 'java/lang/ClassNotFoundException': com/sun/org/glassfish/hk2/osgiresourcelocator/ServiceLoader> (0x00000000d7d98e58) thrown at [C:\jenkins\workspace\8-2-build-windows-amd64-cygwin\jdk8u261\295\hotspot\src\share\vm\classfile\systemDictionary.
Event: 38.430 Thread 0x0000018f4bab8800 Exception <a 'java/lang/ClassNotFoundException': com/sun/org/glassfish/hk2/osgiresourcelocator/ServiceLoader> (0x00000000d5dac568) thrown at [C:\jenkins\workspace\8-2-build-windows-amd64-cygwin\jdk8u261\295\hotspot\src\share\vm\classfile\systemDictionary.
Event: 38.960 Thread 0x0000018f4bab8800 Implicit null exception at 0x0000018f3553a234 to 0x0000018f3553a889
Event: 38.983 Thread 0x0000018f4bab8800 Implicit null exception at 0x0000018f35259447 to 0x0000018f3525a45d
Event: 55.622 Thread 0x0000018f4bab8800 Exception <a 'java/lang/ArrayIndexOutOfBoundsException': 57> (0x00000000d6db2850) thrown at [C:\jenkins\workspace\8-2-build-windows-amd64-cygwin\jdk8u261\295\hotspot\src\share\vm\interpreter\interpreterRuntime.cpp, line 368]
Event: 55.633 Thread 0x0000018f4bab8800 Exception <a 'java/lang/ArrayIndexOutOfBoundsException': 57> (0x00000000d6dc5d50) thrown at [C:\jenkins\workspace\8-2-build-windows-amd64-cygwin\jdk8u261\295\hotspot\src\share\vm\interpreter\interpreterRuntime.cpp, line 368]
Event: 72.429 Thread 0x0000018f4bab8800 Exception <a 'java/io/FileNotFoundException'> (0x00000000d6e99a68) thrown at [C:\jenkins\workspace\8-2-build-windows-amd64-cygwin\jdk8u261\295\hotspot\src\share\vm\prims\jni.cpp, line 710]
Event: 72.460 Thread 0x0000018f4b895800 Exception <a 'java/lang/IllegalStateException'> (0x00000000d70c64a0) thrown at [C:\jenkins\workspace\8-2-build-windows-amd64-cygwin\jdk8u261\295\hotspot\src\share\vm\prims\jvm.cpp, line 1516]

Events (10 events):
Event: 72.460 Thread 0x0000018f4b519800 flushing nmethod 0x0000018f34fbe510
Event: 72.460 Thread 0x0000018f4b519800 flushing nmethod 0x0000018f34fbf9d0
Event: 72.460 loading class sun/security/jca/ProviderList$2
Event: 72.460 Thread 0x0000018f4b519800 flushing nmethod 0x0000018f34fde690
Event: 72.460 Thread 0x0000018f4b519800 flushing nmethod 0x0000018f34fdf4d0
Event: 72.460 Thread 0x0000018f4b519800 flushing nmethod 0x0000018f34fe3cd0
Event: 72.460 Thread 0x0000018f4b519800 flushing nmethod 0x0000018f34feaf90
Event: 72.460 Thread 0x0000018f4b519800 flushing nmethod 0x0000018f34ff7250
Event: 72.461 Executing VM operation: Exit
Event: 72.461 loading class sun/security/jca/ProviderList$2 done


Dynamic libraries:
0x00007ff798710000 - 0x00007ff798757000 	C:\Program Files\Java\jdk1.8.0_261\bin\java.exe
0x00007ffada720000 - 0x00007ffada910000 	C:\WINDOWS\SYSTEM32\ntdll.dll
0x00007ffada620000 - 0x00007ffada6d2000 	C:\WINDOWS\System32\KERNEL32.DLL
0x00007ffad7a10000 - 0x00007ffad7cb4000 	C:\WINDOWS\System32\KERNELBASE.dll
0x00007ffad9f80000 - 0x00007ffada023000 	C:\WINDOWS\System32\ADVAPI32.dll
0x00007ffad9160000 - 0x00007ffad91fe000 	C:\WINDOWS\System32\msvcrt.dll
0x00007ffada1d0000 - 0x00007ffada267000 	C:\WINDOWS\System32\sechost.dll
0x00007ffad8f90000 - 0x00007ffad90b0000 	C:\WINDOWS\System32\RPCRT4.dll
0x00007ffada030000 - 0x00007ffada1c5000 	C:\WINDOWS\System32\USER32.dll
0x00007ffad86f0000 - 0x00007ffad8711000 	C:\WINDOWS\System32\win32u.dll
0x00007ffad99b0000 - 0x00007ffad99d6000 	C:\WINDOWS\System32\GDI32.dll
0x00007ffad76a0000 - 0x00007ffad7836000 	C:\WINDOWS\System32\gdi32full.dll
0x00007ffad7910000 - 0x00007ffad79ae000 	C:\WINDOWS\System32\msvcp_win.dll
0x00007ffad7e60000 - 0x00007ffad7f5a000 	C:\WINDOWS\System32\ucrtbase.dll
0x00007ffacc660000 - 0x00007ffacc8e4000 	C:\WINDOWS\WinSxS\amd64_microsoft.windows.common-controls_6595b64144ccf1df_6.0.18362.1016_none_9e7a36bbe461dae4\COMCTL32.dll
0x00007ffad9200000 - 0x00007ffad9535000 	C:\WINDOWS\System32\combase.dll
0x00007ffad7840000 - 0x00007ffad78c0000 	C:\WINDOWS\System32\bcryptPrimitives.dll
0x00007ffada410000 - 0x00007ffada43e000 	C:\WINDOWS\System32\IMM32.DLL
0x00007ffabefc0000 - 0x00007ffabefd5000 	C:\Program Files\Java\jdk1.8.0_261\jre\bin\vcruntime140.dll
0x00007ffab1920000 - 0x00007ffab19bb000 	C:\Program Files\Java\jdk1.8.0_261\jre\bin\msvcp140.dll
0x000000006a7c0000 - 0x000000006b02c000 	C:\Program Files\Java\jdk1.8.0_261\jre\bin\server\jvm.dll
0x00007ffada440000 - 0x00007ffada448000 	C:\WINDOWS\System32\PSAPI.DLL
0x00007ffacf090000 - 0x00007ffacf0b4000 	C:\WINDOWS\SYSTEM32\WINMM.dll
0x00007ffacf070000 - 0x00007ffacf07a000 	C:\WINDOWS\SYSTEM32\VERSION.dll
0x00007ffaca550000 - 0x00007ffaca559000 	C:\WINDOWS\SYSTEM32\WSOCK32.dll
0x00007ffad9be0000 - 0x00007ffad9c4f000 	C:\WINDOWS\System32\WS2_32.dll
0x00007ffacebf0000 - 0x00007ffacec1d000 	C:\WINDOWS\SYSTEM32\winmmbase.dll
0x00007ffad78c0000 - 0x00007ffad790a000 	C:\WINDOWS\System32\cfgmgr32.dll
0x00007ffad7600000 - 0x00007ffad7611000 	C:\WINDOWS\System32\kernel.appcore.dll
0x00007ffac9d60000 - 0x00007ffac9d70000 	C:\Program Files\Java\jdk1.8.0_261\jre\bin\verify.dll
0x00007ffabbad0000 - 0x00007ffabbafb000 	C:\Program Files\Java\jdk1.8.0_261\jre\bin\java.dll
0x00007ffac4b00000 - 0x00007ffac4b36000 	C:\Program Files\Java\jdk1.8.0_261\jre\bin\jdwp.dll
0x00007ffad33f0000 - 0x00007ffad33f9000 	C:\Program Files\Java\jdk1.8.0_261\jre\bin\npt.dll
0x00007ffac4ac0000 - 0x00007ffac4af2000 	C:\Program Files\Java\jdk1.8.0_261\jre\bin\instrument.dll
0x00007ffabc830000 - 0x00007ffabc848000 	C:\Program Files\Java\jdk1.8.0_261\jre\bin\zip.dll
0x00007ffad87d0000 - 0x00007ffad8eb7000 	C:\WINDOWS\System32\SHELL32.dll
0x00007ffad9cb0000 - 0x00007ffad9d59000 	C:\WINDOWS\System32\shcore.dll
0x00007ffad7f60000 - 0x00007ffad86e2000 	C:\WINDOWS\System32\windows.storage.dll
0x00007ffad7620000 - 0x00007ffad7643000 	C:\WINDOWS\System32\profapi.dll
0x00007ffad7650000 - 0x00007ffad769a000 	C:\WINDOWS\System32\powrprof.dll
0x00007ffad75d0000 - 0x00007ffad75e0000 	C:\WINDOWS\System32\UMPDC.dll
0x00007ffad9c50000 - 0x00007ffad9ca2000 	C:\WINDOWS\System32\shlwapi.dll
0x00007ffad7e10000 - 0x00007ffad7e27000 	C:\WINDOWS\System32\cryptsp.dll
0x00007ffac9d50000 - 0x00007ffac9d5a000 	C:\Program Files\Java\jdk1.8.0_261\jre\bin\dt_socket.dll
0x00007ffad6dd0000 - 0x00007ffad6e37000 	C:\WINDOWS\system32\mswsock.dll
0x0000018f4c0a0000 - 0x0000018f4c0a3000 	C:\Program Files\Java\jdk1.8.0_261\jre\bin\api-ms-win-core-console-l1-1-0.dll
0x0000018f4c0b0000 - 0x0000018f4c0b3000 	C:\Program Files\Java\jdk1.8.0_261\jre\bin\api-ms-win-core-datetime-l1-1-0.dll
0x0000018f4c0c0000 - 0x0000018f4c0c3000 	C:\Program Files\Java\jdk1.8.0_261\jre\bin\api-ms-win-core-debug-l1-1-0.dll
0x0000018f4c0d0000 - 0x0000018f4c0d3000 	C:\Program Files\Java\jdk1.8.0_261\jre\bin\api-ms-win-core-errorhandling-l1-1-0.dll
0x0000018f4c0e0000 - 0x0000018f4c0e4000 	C:\Program Files\Java\jdk1.8.0_261\jre\bin\api-ms-win-core-file-l1-1-0.dll
0x0000018f4c0f0000 - 0x0000018f4c0f3000 	C:\Program Files\Java\jdk1.8.0_261\jre\bin\api-ms-win-core-file-l1-2-0.dll
0x0000018f4c100000 - 0x0000018f4c103000 	C:\Program Files\Java\jdk1.8.0_261\jre\bin\api-ms-win-core-file-l2-1-0.dll
0x0000018f4c110000 - 0x0000018f4c113000 	C:\Program Files\Java\jdk1.8.0_261\jre\bin\api-ms-win-core-handle-l1-1-0.dll
0x0000018f4c120000 - 0x0000018f4c123000 	C:\Program Files\Java\jdk1.8.0_261\jre\bin\api-ms-win-core-heap-l1-1-0.dll
0x0000018f4c130000 - 0x0000018f4c133000 	C:\Program Files\Java\jdk1.8.0_261\jre\bin\api-ms-win-core-interlocked-l1-1-0.dll
0x0000018f4c140000 - 0x0000018f4c143000 	C:\Program Files\Java\jdk1.8.0_261\jre\bin\api-ms-win-core-libraryloader-l1-1-0.dll
0x0000018f4c150000 - 0x0000018f4c153000 	C:\Program Files\Java\jdk1.8.0_261\jre\bin\api-ms-win-core-localization-l1-2-0.dll
0x0000018f4c160000 - 0x0000018f4c163000 	C:\Program Files\Java\jdk1.8.0_261\jre\bin\api-ms-win-core-memory-l1-1-0.dll
0x0000018f4c170000 - 0x0000018f4c173000 	C:\Program Files\Java\jdk1.8.0_261\jre\bin\api-ms-win-core-namedpipe-l1-1-0.dll
0x0000018f4c180000 - 0x0000018f4c183000 	C:\Program Files\Java\jdk1.8.0_261\jre\bin\api-ms-win-core-processenvironment-l1-1-0.dll
0x0000018f4c190000 - 0x0000018f4c193000 	C:\Program Files\Java\jdk1.8.0_261\jre\bin\api-ms-win-core-processthreads-l1-1-0.dll
0x0000018f4c1a0000 - 0x0000018f4c1a3000 	C:\Program Files\Java\jdk1.8.0_261\jre\bin\api-ms-win-core-processthreads-l1-1-1.dll
0x0000018f4c1b0000 - 0x0000018f4c1b3000 	C:\Program Files\Java\jdk1.8.0_261\jre\bin\api-ms-win-core-profile-l1-1-0.dll
0x0000018f4c1c0000 - 0x0000018f4c1c3000 	C:\Program Files\Java\jdk1.8.0_261\jre\bin\api-ms-win-core-rtlsupport-l1-1-0.dll
0x0000018f4c1d0000 - 0x0000018f4c1d3000 	C:\Program Files\Java\jdk1.8.0_261\jre\bin\api-ms-win-core-string-l1-1-0.dll
0x0000018f4c1e0000 - 0x0000018f4c1e3000 	C:\Program Files\Java\jdk1.8.0_261\jre\bin\api-ms-win-core-synch-l1-1-0.dll
0x0000018f4c1f0000 - 0x0000018f4c1f3000 	C:\Program Files\Java\jdk1.8.0_261\jre\bin\api-ms-win-core-synch-l1-2-0.dll
0x0000018f4c200000 - 0x0000018f4c203000 	C:\Program Files\Java\jdk1.8.0_261\jre\bin\api-ms-win-core-sysinfo-l1-1-0.dll
0x0000018f4c210000 - 0x0000018f4c213000 	C:\Program Files\Java\jdk1.8.0_261\jre\bin\api-ms-win-core-timezone-l1-1-0.dll
0x0000018f4c220000 - 0x0000018f4c223000 	C:\Program Files\Java\jdk1.8.0_261\jre\bin\api-ms-win-core-util-l1-1-0.dll
0x0000018f4c230000 - 0x0000018f4c233000 	C:\Program Files\Java\jdk1.8.0_261\jre\bin\api-ms-win-crt-conio-l1-1-0.dll
0x0000018f4c240000 - 0x0000018f4c244000 	C:\Program Files\Java\jdk1.8.0_261\jre\bin\api-ms-win-crt-convert-l1-1-0.dll
0x0000018f4c250000 - 0x0000018f4c253000 	C:\Program Files\Java\jdk1.8.0_261\jre\bin\api-ms-win-crt-environment-l1-1-0.dll
0x0000018f4c260000 - 0x0000018f4c263000 	C:\Program Files\Java\jdk1.8.0_261\jre\bin\api-ms-win-crt-filesystem-l1-1-0.dll
0x0000018f4c270000 - 0x0000018f4c273000 	C:\Program Files\Java\jdk1.8.0_261\jre\bin\api-ms-win-crt-heap-l1-1-0.dll
0x0000018f4c280000 - 0x0000018f4c283000 	C:\Program Files\Java\jdk1.8.0_261\jre\bin\api-ms-win-crt-locale-l1-1-0.dll
0x0000018f4c290000 - 0x0000018f4c295000 	C:\Program Files\Java\jdk1.8.0_261\jre\bin\api-ms-win-crt-math-l1-1-0.dll
0x0000018f4c2a0000 - 0x0000018f4c2a5000 	C:\Program Files\Java\jdk1.8.0_261\jre\bin\api-ms-win-crt-multibyte-l1-1-0.dll
0x0000018f4c2b0000 - 0x0000018f4c2c0000 	C:\Program Files\Java\jdk1.8.0_261\jre\bin\api-ms-win-crt-private-l1-1-0.dll
0x0000018f4c2c0000 - 0x0000018f4c2c3000 	C:\Program Files\Java\jdk1.8.0_261\jre\bin\api-ms-win-crt-process-l1-1-0.dll
0x0000018f4c2d0000 - 0x0000018f4c2d4000 	C:\Program Files\Java\jdk1.8.0_261\jre\bin\api-ms-win-crt-runtime-l1-1-0.dll
0x0000018f4c2e0000 - 0x0000018f4c2e4000 	C:\Program Files\Java\jdk1.8.0_261\jre\bin\api-ms-win-crt-stdio-l1-1-0.dll
0x0000018f4c2f0000 - 0x0000018f4c2f4000 	C:\Program Files\Java\jdk1.8.0_261\jre\bin\api-ms-win-crt-string-l1-1-0.dll
0x0000018f4c300000 - 0x0000018f4c303000 	C:\Program Files\Java\jdk1.8.0_261\jre\bin\api-ms-win-crt-time-l1-1-0.dll
0x0000018f4c310000 - 0x0000018f4c313000 	C:\Program Files\Java\jdk1.8.0_261\jre\bin\api-ms-win-crt-utility-l1-1-0.dll
0x00007ffac49c0000 - 0x00007ffac4abc000 	C:\Program Files\Java\jdk1.8.0_261\jre\bin\ucrtbase.dll
0x00007ffab18c0000 - 0x00007ffab1911000 	C:\Program Files\Java\jdk1.8.0_261\jre\bin\concrt140.dll
0x00007ffac4400000 - 0x00007ffac4423000 	C:\Program Files\Java\jdk1.8.0_261\jre\bin\prism_d3d.dll
0x00007ffaab9d0000 - 0x00007ffaabb97000 	C:\WINDOWS\system32\d3d9.dll
0x00007ffad5b80000 - 0x00007ffad5bad000 	C:\WINDOWS\SYSTEM32\dwmapi.dll
0x00007ffad6230000 - 0x00007ffad6250000 	C:\WINDOWS\SYSTEM32\dxcore.dll
0x00007ffad4fc0000 - 0x00007ffad5059000 	C:\WINDOWS\system32\uxtheme.dll
0x00007ffad9a80000 - 0x00007ffad9bd7000 	C:\WINDOWS\System32\ole32.dll
0x00007ffada450000 - 0x00007ffada515000 	C:\WINDOWS\System32\OLEAUT32.dll
0x00007ffad9540000 - 0x00007ffad99b0000 	C:\WINDOWS\System32\SETUPAPI.dll
0x00007ffad7e30000 - 0x00007ffad7e56000 	C:\WINDOWS\System32\bcrypt.dll
0x00007ffabff90000 - 0x00007ffabffd5000 	C:\Program Files\Java\jdk1.8.0_261\jre\bin\glass.dll
0x00007ffad8ec0000 - 0x00007ffad8f90000 	C:\WINDOWS\System32\COMDLG32.dll
0x00007ffada2d0000 - 0x00007ffada405000 	C:\WINDOWS\System32\MSCTF.dll
0x00007ffac49a0000 - 0x00007ffac49b4000 	C:\Program Files\Java\jdk1.8.0_261\jre\bin\javafx_font.dll
0x00007ffac0c90000 - 0x00007ffac0f8e000 	C:\WINDOWS\SYSTEM32\dwrite.dll
0x00007ffad90b0000 - 0x00007ffad9152000 	C:\WINDOWS\System32\clbcatq.dll
0x00007ffac2af0000 - 0x00007ffac2c9f000 	C:\WINDOWS\SYSTEM32\WindowsCodecs.dll
0x00007ffacf030000 - 0x00007ffacf06a000 	C:\WINDOWS\system32\dataexchange.dll
0x00007ffad46a0000 - 0x00007ffad487d000 	C:\WINDOWS\system32\dcomp.dll
0x00007ffad3fe0000 - 0x00007ffad423b000 	C:\WINDOWS\system32\d3d11.dll
0x00007ffad62c0000 - 0x00007ffad63ab000 	C:\WINDOWS\system32\dxgi.dll
0x00007ffad5640000 - 0x00007ffad58a2000 	C:\WINDOWS\system32\twinapi.appcore.dll
0x00007ffad5a90000 - 0x00007ffad5ab9000 	C:\WINDOWS\system32\RMCLIENT.dll
0x00007ffabdcf0000 - 0x00007ffabdd23000 	C:\Program Files\Common Files\Microsoft Shared\Ink\rtscom.dll
0x00007ffacdfe0000 - 0x00007fface07e000 	C:\WINDOWS\System32\TextInputFramework.dll
0x00007ffad4bf0000 - 0x00007ffad4cc4000 	C:\WINDOWS\System32\CoreMessaging.dll
0x00007ffac2530000 - 0x00007ffac285a000 	C:\WINDOWS\System32\CoreUIComponents.dll
0x00007ffad6620000 - 0x00007ffad6651000 	C:\WINDOWS\SYSTEM32\ntmarta.dll
0x00007ffad31f0000 - 0x00007ffad3343000 	C:\WINDOWS\SYSTEM32\wintypes.dll
0x00007ffac8190000 - 0x00007ffac8436000 	C:\WINDOWS\System32\iertutil.dll
0x00007ffac3d00000 - 0x00007ffac3d12000 	C:\Program Files\Java\jdk1.8.0_261\jre\bin\prism_common.dll
0x00007ffad5460000 - 0x00007ffad5550000 	C:\WINDOWS\SYSTEM32\PROPSYS.dll
0x00007ffaa75b0000 - 0x00007ffaa7763000 	C:\WINDOWS\SYSTEM32\DUI70.dll
0x00007ffacd0d0000 - 0x00007ffacd163000 	C:\WINDOWS\SYSTEM32\DUser.dll
0x00007ffaae420000 - 0x00007ffaae4c4000 	C:\Program Files\Common Files\microsoft shared\ink\tiptsf.dll
0x00007ffaaf8c0000 - 0x00007ffaaf8e3000 	C:\WINDOWS\SYSTEM32\edputil.dll
0x00007ffac0210000 - 0x00007ffac0416000 	C:\WINDOWS\system32\explorerframe.dll
0x00007ffac7720000 - 0x00007ffac777e000 	C:\Windows\System32\thumbcache.dll
0x00007ffad1770000 - 0x00007ffad17f6000 	C:\WINDOWS\SYSTEM32\policymanager.dll
0x00007ffad16e0000 - 0x00007ffad176a000 	C:\WINDOWS\SYSTEM32\msvcp110_win.dll
0x00007ffab37a0000 - 0x00007ffab3848000 	C:\WINDOWS\System32\StructuredQuery.dll
0x00007ffac76b0000 - 0x00007ffac76cb000 	C:\WINDOWS\SYSTEM32\MPR.dll

VM Arguments:
jvm_args: -agentlib:jdwp=transport=dt_socket,address=127.0.0.1:51723,suspend=y,server=n -javaagent:C:\Users\kendl\AppData\Local\JetBrains\IntelliJIdea2020.1\captureAgent\debugger-agent.jar -Dfile.encoding=UTF-8 
java_command: UI
java_class_path (initial): C:\Program Files\Java\jdk1.8.0_261\jre\lib\charsets.jar;C:\Program Files\Java\jdk1.8.0_261\jre\lib\deploy.jar;C:\Program Files\Java\jdk1.8.0_261\jre\lib\ext\access-bridge-64.jar;C:\Program Files\Java\jdk1.8.0_261\jre\lib\ext\cldrdata.jar;C:\Program Files\Java\jdk1.8.0_261\jre\lib\ext\dnsns.jar;C:\Program Files\Java\jdk1.8.0_261\jre\lib\ext\jaccess.jar;C:\Program Files\Java\jdk1.8.0_261\jre\lib\ext\jfxrt.jar;C:\Program Files\Java\jdk1.8.0_261\jre\lib\ext\localedata.jar;C:\Program Files\Java\jdk1.8.0_261\jre\lib\ext\nashorn.jar;C:\Program Files\Java\jdk1.8.0_261\jre\lib\ext\sunec.jar;C:\Program Files\Java\jdk1.8.0_261\jre\lib\ext\sunjce_provider.jar;C:\Program Files\Java\jdk1.8.0_261\jre\lib\ext\sunmscapi.jar;C:\Program Files\Java\jdk1.8.0_261\jre\lib\ext\sunpkcs11.jar;C:\Program Files\Java\jdk1.8.0_261\jre\lib\ext\zipfs.jar;C:\Program Files\Java\jdk1.8.0_261\jre\lib\javaws.jar;C:\Program Files\Java\jdk1.8.0_261\jre\lib\jce.jar;C:\Program Files\Java\jdk1.8.0_261\jre\lib\jfr.jar;C:\Program Files\Java\jdk1.8.0_261\jre\lib\jfxswt.jar;C:\Program Files\Java\jdk1.8.0_261\jre\lib\jsse.jar;C:\Program Files\Java\jdk1.8.0_261\jre\lib\management-agent.jar;C:\Program Files\Java\jdk1.8.0_261\jre\lib\plugin.jar;C:\Program Files\Java\jdk1.8.0_261\jre\lib\resources.jar;C:\Program Files\Java\jdk1.8.0_261\jre\lib\rt.jar;C:\Documents\SDM\out\production\FXUI;C:\Documents\SDM\out\production\SDMLogic;C:\Program Files\JetBrains\IntelliJ IDEA 2020.1.3\lib\idea_rt.jar;C:\Users\kendl\AppData\Local\JetBrains\IntelliJIdea2020.1\captureAgent\debugger-agent.jar
Launcher Type: SUN_STANDARD

Environment Variables:
PATH=C:\Program Files (x86)\Common Files\Oracle\Java\javapath;C:\Program Files (x86)\Intel\Intel(R) Management Engine Components\iCLS\;C:\Program Files\Intel\Intel(R) Management Engine Components\iCLS\;C:\WINDOWS\system32;C:\WINDOWS;C:\WINDOWS\System32\Wbem;C:\WINDOWS\System32\WindowsPowerShell\v1.0\;C:\WINDOWS\System32\OpenSSH\;C:\Program Files (x86)\Intel\Intel(R) Management Engine Components\DAL;C:\Program Files\Intel\Intel(R) Management Engine Components\DAL;C:\Program Files (x86)\Intel\Intel(R) Management Engine Components\IPT;C:\Program Files\Intel\Intel(R) Management Engine Components\IPT;C:\Program Files\Microsoft SQL Server\130\Tools\Binn\;C:\Program Files\dotnet\;C:\Program Files\Intel\WiFi\bin\;C:\Program Files\Common Files\Intel\WirelessCommon\;C:\Program Files\Git\cmd;C:\Users\kendl\AppData\Local\Microsoft\WindowsApps;C:\Program Files\Java\jdk1.8.0_261\bin;;C:\Users\kendl\AppData\Local\Programs\Microsoft VS Code\bin
USERNAME=kendl
OS=Windows_NT
PROCESSOR_IDENTIFIER=Intel64 Family 6 Model 142 Stepping 10, GenuineIntel



---------------  S Y S T E M  ---------------

OS: Windows 10.0 , 64 bit Build 18362 (10.0.18362.959)

CPU:total 8 (initial active 8) (4 cores per cpu, 2 threads per core) family 6 model 142 stepping 10, cmov, cx8, fxsr, mmx, sse, sse2, sse3, ssse3, sse4.1, sse4.2, popcnt, avx, avx2, aes, clmul, erms, 3dnowpref, lzcnt, ht, tsc, tscinvbit, bmi1, bmi2, adx

Memory: 4k page, physical 8286596k(1281848k free), swap 19822752k(6777904k free)

vm_info: Java HotSpot(TM) 64-Bit Server VM (25.261-b12) for windows-amd64 JRE (1.8.0_261-b12), built on Jun 18 2020 06:56:32 by "" with unknown MS VC++:1916

time: Mon Sep  7 21:08:57 2020
timezone: ???? º?? ???????
elapsed time: 72 seconds (0d 0h 1m 12s)

