#
# A fatal error has been detected by the Java Runtime Environment:
#
#  EXCEPTION_ACCESS_VIOLATION (0xc0000005) at pc=0x00007ffab18f6580, pid=17960, tid=0x0000000000007a54
#
# JRE version: Java(TM) SE Runtime Environment (8.0_261-b12) (build 1.8.0_261-b12)
# Java VM: Java HotSpot(TM) 64-Bit Server VM (25.261-b12 mixed mode windows-amd64 compressed oops)
# Problematic frame:
# C  [glass.dll+0x26580]
#
# Failed to write core dump. Minidumps are not enabled by default on client versions of Windows
#
# If you would like to submit a bug report, please visit:
#   http://bugreport.java.com/bugreport/crash.jsp
#

---------------  T H R E A D  ---------------

Current thread (0x000001a51f075000):  VMThread [stack: 0x000000172c300000,0x000000172c400000] [id=31316]

siginfo: ExceptionCode=0xc0000005, reading address 0x0000000000000000

Registers:
RAX=0x0000000000000000, RBX=0x000001a51f12c5d8, RCX=0x000001a51f075000, RDX=0x000000006adbf530
RSP=0x000000172c3ff360, RBP=0x000001a521404998, RSI=0x000001a521404970, RDI=0x00001627c70c58be
R8 =0x0000000000010002, R9 =0x00001627c70c58be, R10=0x0000000000008000, R11=0x000000172c3ff300
R12=0x00007ffab18f39e4, R13=0x000001a508f5c0b0, R14=0x000000172c3ff468, R15=0x000001a521404970
RIP=0x00007ffab18f6580, EFLAGS=0x0000000000010202

Top of Stack: (sp=0x000000172c3ff360)
0x000000172c3ff360:   0000000000000000 00007ffad7e714cb
0x000000172c3ff370:   000001a521404980 000001a521404970
0x000000172c3ff380:   fffffffffffffffe 00007ffab190a1b0
0x000000172c3ff390:   000001a521404978 00007ffad7e79d06
0x000000172c3ff3a0:   000001a521404980 000001a500000000
0x000000172c3ff3b0:   0000000000000000 00007ffad7e79f46
0x000000172c3ff3c0:   fffffffffffffffe 0000000000000000
0x000000172c3ff3d0:   0000000000000001 00007ffab18d0000
0x000000172c3ff3e0:   000000172c3ff458 00007ffad7e79c2b
0x000000172c3ff3f0:   0000000000000000 000000172c3ff468
0x000000172c3ff400:   000000172c3ff720 00007ffad7f4bc30
0x000000172c3ff410:   0000000000000000 00007ffad7e79be4
0x000000172c3ff420:   0000000000000000 0000000000000001
0x000000172c3ff430:   0000000000000001 000000172c3ff458
0x000000172c3ff440:   0000000000000000 00007ffab18f3872
0x000000172c3ff450:   00007ffab190d128 00007ffa00000002 

Instructions: (pc=0x00007ffab18f6580)
0x00007ffab18f6560:   40 53 48 83 ec 30 48 c7 44 24 20 fe ff ff ff 48
0x00007ffab18f6570:   8b 1d aa 65 01 00 48 85 db 74 16 e8 f0 85 ff ff
0x00007ffab18f6580:   4c 8b 00 48 8b d3 48 8b c8 41 ff 90 b0 00 00 00
0x00007ffab18f6590:   90 48 83 c4 30 5b c3 cc cc cc cc cc cc cc cc cc 


Register to memory mapping:

RAX=0x0000000000000000 is an unknown value
RBX=0x000001a51f12c5d8 is a global jni handle
RCX=0x000001a51f075000 is an unknown value
RDX=0x000000006adbf530 is an unknown value
RSP=0x000000172c3ff360 is an unknown value
RBP=0x000001a521404998 is an unknown value
RSI=0x000001a521404970 is an unknown value
RDI=0x00001627c70c58be is an unknown value
R8 =0x0000000000010002 is an unknown value
R9 =0x00001627c70c58be is an unknown value
R10=0x0000000000008000 is an unknown value
R11=0x000000172c3ff300 is an unknown value
R12=0x00007ffab18f39e4 is an unknown value
R13=0x000001a508f5c0b0 is an unknown value
R14=0x000000172c3ff468 is an unknown value
R15=0x000001a521404970 is an unknown value


Stack: [0x000000172c300000,0x000000172c400000],  sp=0x000000172c3ff360,  free space=1020k
Native frames: (J=compiled Java code, j=interpreted, Vv=VM code, C=native code)
C  [glass.dll+0x26580]
C  [ucrtbase.dll+0x19d06]
C  [ucrtbase.dll+0x19c2b]
C  [ucrtbase.dll+0x19be4]
C  [glass.dll+0x23872]
C  [glass.dll+0x23998]
C  [ntdll.dll+0x25021]
C  [ntdll.dll+0x6aa82]
C  [ntdll.dll+0x6a92d]
C  [KERNEL32.DLL+0x1cd8a]
C  [ucrtbase.dll+0x1ae38]
C  [ucrtbase.dll+0x186ef]
V  [jvm.dll+0x21a845]
V  [jvm.dll+0x2550d6]
V  [jvm.dll+0x255637]
V  [jvm.dll+0x253da5]
V  [jvm.dll+0x25451c]
V  [jvm.dll+0x25482c]
V  [jvm.dll+0x2a1cfc]
C  [ucrtbase.dll+0x20e82]
C  [KERNEL32.DLL+0x17bd4]
C  [ntdll.dll+0x6ce51]

VM_Operation (0x000000172c8fed90): Exit, mode: safepoint, requested by thread 0x000001a51f138800


---------------  P R O C E S S  ---------------

Java Threads: ( => current thread )
  0x000001a51f138800 JavaThread "SIGINT handler" daemon [_thread_blocked, id=6872, stack(0x000000172c800000,0x000000172c900000)]
  0x000001a5219eb800 JavaThread "Prism Font Disposer" daemon [_thread_blocked, id=7452, stack(0x000000172dc00000,0x000000172dd00000)]
  0x000001a5216e9800 JavaThread "Thread-3" daemon [_thread_in_native, id=51980, stack(0x000000172d700000,0x000000172d800000)]
  0x000001a5216e9000 JavaThread "JavaFX-Launcher" [_thread_blocked, id=36208, stack(0x000000172d800000,0x000000172d900000)]
  0x000001a52152b800 JavaThread "JavaFX Application Thread" [_thread_blocked, id=62500, stack(0x000000172d300000,0x000000172d400000)]
  0x000001a5214ee800 JavaThread "Thread-1" daemon [_thread_blocked, id=46492, stack(0x000000172d200000,0x000000172d300000)]
  0x000001a5213d1800 JavaThread "QuantumRenderer-0" daemon [_thread_blocked, id=51216, stack(0x000000172d100000,0x000000172d200000)]
  0x000001a52105e000 JavaThread "Service Thread" daemon [_thread_blocked, id=49524, stack(0x000000172cf00000,0x000000172d000000)]
  0x000001a520fdf800 JavaThread "C1 CompilerThread3" daemon [_thread_blocked, id=15896, stack(0x000000172ce00000,0x000000172cf00000)]
  0x000001a520fd9000 JavaThread "C2 CompilerThread2" daemon [_thread_blocked, id=1192, stack(0x000000172cd00000,0x000000172ce00000)]
  0x000001a520fd8000 JavaThread "C2 CompilerThread1" daemon [_thread_blocked, id=60488, stack(0x000000172cc00000,0x000000172cd00000)]
  0x000001a520fd5800 JavaThread "C2 CompilerThread0" daemon [_thread_blocked, id=6152, stack(0x000000172cb00000,0x000000172cc00000)]
  0x000001a51f135800 JavaThread "JDWP Event Helper Thread" daemon [_thread_blocked, id=52040, stack(0x000000172c900000,0x000000172ca00000)]
  0x000001a51f126000 JavaThread "Attach Listener" daemon [_thread_blocked, id=44488, stack(0x000000172c700000,0x000000172c800000)]
  0x000001a51f125800 JavaThread "Signal Dispatcher" daemon [_thread_blocked, id=6200, stack(0x000000172c600000,0x000000172c700000)]
  0x000001a51f0ad000 JavaThread "Finalizer" daemon [_thread_blocked, id=54140, stack(0x000000172c500000,0x000000172c600000)]
  0x000001a51f09d800 JavaThread "Reference Handler" daemon [_thread_blocked, id=56832, stack(0x000000172c400000,0x000000172c500000)]
  0x000001a508ead000 JavaThread "main" [_thread_blocked, id=38488, stack(0x000000172ba00000,0x000000172bb00000)]

Other Threads:
=>0x000001a51f075000 VMThread [stack: 0x000000172c300000,0x000000172c400000] [id=31316]

VM state:at safepoint (shutting down)

VM Mutex/Monitor currently owned by a thread:  ([mutex/lock_event])
[0x000001a508eac110] Threads_lock - owner thread: 0x000001a51f075000

heap address: 0x0000000081800000, size: 2024 MB, Compressed Oops mode: 32-bit
Narrow klass base: 0x0000000000000000, Narrow klass shift: 3
Compressed class space size: 1073741824 Address: 0x0000000100000000

Heap:
 PSYoungGen      total 38400K, used 18616K [0x00000000d5d80000, 0x00000000d8800000, 0x0000000100000000)
  eden space 33280K, 55% used [0x00000000d5d80000,0x00000000d6fae1f0,0x00000000d7e00000)
  from space 5120K, 0% used [0x00000000d7e00000,0x00000000d7e00000,0x00000000d8300000)
  to   space 5120K, 0% used [0x00000000d8300000,0x00000000d8300000,0x00000000d8800000)
 ParOldGen       total 52736K, used 10847K [0x0000000081800000, 0x0000000084b80000, 0x00000000d5d80000)
  object space 52736K, 20% used [0x0000000081800000,0x0000000082297f30,0x0000000084b80000)
 Metaspace       used 22777K, capacity 24040K, committed 24240K, reserved 1071104K
  class space    used 3161K, capacity 3421K, committed 3504K, reserved 1048576K

Card table byte_map: [0x000001a519c30000,0x000001a51a030000] byte_map_base: 0x000001a519824000

Marking Bits: (ParMarkBitMap*) 0x000000006afb4fb0
 Begin Bits: [0x000001a51a2e0000, 0x000001a51c280000)
 End Bits:   [0x000001a51c280000, 0x000001a51e220000)

Polling page: 0x000001a509090000

CodeCache: size=245760Kb used=12302Kb max_used=12302Kb free=233457Kb
 bounds [0x000001a50a870000, 0x000001a50b480000, 0x000001a519870000]
 total_blobs=4283 nmethods=3588 adapters=615
 compilation: enabled

Compilation events (10 events):
Event: 30.676 Thread 0x000001a520fdf800 3598       3       com.sun.javafx.geom.transform.Affine3D::reset3Delements (31 bytes)
Event: 30.676 Thread 0x000001a520fdf800 nmethod 3598 0x000001a50a983f50 code [0x000001a50a9840a0, 0x000001a50a984258]
Event: 30.676 Thread 0x000001a520fdf800 3599       3       com.sun.javafx.font.directwrite.DWGlyph::checkBounds (161 bytes)
Event: 30.677 Thread 0x000001a520fdf800 nmethod 3599 0x000001a50b478250 code [0x000001a50b478420, 0x000001a50b478c00]
Event: 30.677 Thread 0x000001a520fdf800 3600       3       com.sun.javafx.tk.Toolkit::getPaint (66 bytes)
Event: 30.678 Thread 0x000001a520fdf800 nmethod 3600 0x000001a50b478f10 code [0x000001a50b479100, 0x000001a50b479ce0]
Event: 30.698 Thread 0x000001a520fdf800 3601       3       java.util.logging.LogManager::access$100 (4 bytes)
Event: 30.699 Thread 0x000001a520fdf800 nmethod 3601 0x000001a50b479e50 code [0x000001a50b479fa0, 0x000001a50b47a0d8]
Event: 30.699 Thread 0x000001a520fdf800 3602       3       java.util.logging.LogManager$LoggerContext::requiresDefaultLoggers (29 bytes)
Event: 30.699 Thread 0x000001a520fdf800 nmethod 3602 0x000001a50b47a150 code [0x000001a50b47a2c0, 0x000001a50b47a710]

GC Heap History (8 events):
Event: 0.816 GC heap before
{Heap before GC invocations=1 (full 0):
 PSYoungGen      total 38400K, used 33280K [0x00000000d5d80000, 0x00000000d8800000, 0x0000000100000000)
  eden space 33280K, 100% used [0x00000000d5d80000,0x00000000d7e00000,0x00000000d7e00000)
  from space 5120K, 0% used [0x00000000d8300000,0x00000000d8300000,0x00000000d8800000)
  to   space 5120K, 0% used [0x00000000d7e00000,0x00000000d7e00000,0x00000000d8300000)
 ParOldGen       total 87552K, used 0K [0x0000000081800000, 0x0000000086d80000, 0x00000000d5d80000)
  object space 87552K, 0% used [0x0000000081800000,0x0000000081800000,0x0000000086d80000)
 Metaspace       used 11131K, capacity 11480K, committed 11520K, reserved 1058816K
  class space    used 1401K, capacity 1515K, committed 1536K, reserved 1048576K
Event: 0.820 GC heap after
Heap after GC invocations=1 (full 0):
 PSYoungGen      total 38400K, used 3677K [0x00000000d5d80000, 0x00000000d8800000, 0x0000000100000000)
  eden space 33280K, 0% used [0x00000000d5d80000,0x00000000d5d80000,0x00000000d7e00000)
  from space 5120K, 71% used [0x00000000d7e00000,0x00000000d8197580,0x00000000d8300000)
  to   space 5120K, 0% used [0x00000000d8300000,0x00000000d8300000,0x00000000d8800000)
 ParOldGen       total 87552K, used 80K [0x0000000081800000, 0x0000000086d80000, 0x00000000d5d80000)
  object space 87552K, 0% used [0x0000000081800000,0x0000000081814010,0x0000000086d80000)
 Metaspace       used 11131K, capacity 11480K, committed 11520K, reserved 1058816K
  class space    used 1401K, capacity 1515K, committed 1536K, reserved 1048576K
}
Event: 7.926 GC heap before
{Heap before GC invocations=2 (full 0):
 PSYoungGen      total 38400K, used 36957K [0x00000000d5d80000, 0x00000000d8800000, 0x0000000100000000)
  eden space 33280K, 100% used [0x00000000d5d80000,0x00000000d7e00000,0x00000000d7e00000)
  from space 5120K, 71% used [0x00000000d7e00000,0x00000000d8197580,0x00000000d8300000)
  to   space 5120K, 0% used [0x00000000d8300000,0x00000000d8300000,0x00000000d8800000)
 ParOldGen       total 87552K, used 80K [0x0000000081800000, 0x0000000086d80000, 0x00000000d5d80000)
  object space 87552K, 0% used [0x0000000081800000,0x0000000081814010,0x0000000086d80000)
 Metaspace       used 17705K, capacity 18614K, committed 18944K, reserved 1064960K
  class space    used 2530K, capacity 2734K, committed 2816K, reserved 1048576K
Event: 7.933 GC heap after
Heap after GC invocations=2 (full 0):
 PSYoungGen      total 38400K, used 5116K [0x00000000d5d80000, 0x00000000d8800000, 0x0000000100000000)
  eden space 33280K, 0% used [0x00000000d5d80000,0x00000000d5d80000,0x00000000d7e00000)
  from space 5120K, 99% used [0x00000000d8300000,0x00000000d87ff3f0,0x00000000d8800000)
  to   space 5120K, 0% used [0x00000000d7e00000,0x00000000d7e00000,0x00000000d8300000)
 ParOldGen       total 87552K, used 7508K [0x0000000081800000, 0x0000000086d80000, 0x00000000d5d80000)
  object space 87552K, 8% used [0x0000000081800000,0x0000000081f552e0,0x0000000086d80000)
 Metaspace       used 17705K, capacity 18614K, committed 18944K, reserved 1064960K
  class space    used 2530K, capacity 2734K, committed 2816K, reserved 1048576K
}
Event: 8.851 GC heap before
{Heap before GC invocations=3 (full 0):
 PSYoungGen      total 38400K, used 16309K [0x00000000d5d80000, 0x00000000d8800000, 0x0000000100000000)
  eden space 33280K, 33% used [0x00000000d5d80000,0x00000000d686e258,0x00000000d7e00000)
  from space 5120K, 99% used [0x00000000d8300000,0x00000000d87ff3f0,0x00000000d8800000)
  to   space 5120K, 0% used [0x00000000d7e00000,0x00000000d7e00000,0x00000000d8300000)
 ParOldGen       total 87552K, used 7508K [0x0000000081800000, 0x0000000086d80000, 0x00000000d5d80000)
  object space 87552K, 8% used [0x0000000081800000,0x0000000081f552e0,0x0000000086d80000)
 Metaspace       used 20260K, capacity 21222K, committed 21296K, reserved 1067008K
  class space    used 2885K, capacity 3098K, committed 3120K, reserved 1048576K
Event: 8.856 GC heap after
Heap after GC invocations=3 (full 0):
 PSYoungGen      total 38400K, used 5116K [0x00000000d5d80000, 0x00000000d8800000, 0x0000000100000000)
  eden space 33280K, 0% used [0x00000000d5d80000,0x00000000d5d80000,0x00000000d7e00000)
  from space 5120K, 99% used [0x00000000d7e00000,0x00000000d82ff3f0,0x00000000d8300000)
  to   space 5120K, 0% used [0x00000000d8300000,0x00000000d8300000,0x00000000d8800000)
 ParOldGen       total 87552K, used 8548K [0x0000000081800000, 0x0000000086d80000, 0x00000000d5d80000)
  object space 87552K, 9% used [0x0000000081800000,0x0000000082059100,0x0000000086d80000)
 Metaspace       used 20260K, capacity 21222K, committed 21296K, reserved 1067008K
  class space    used 2885K, capacity 3098K, committed 3120K, reserved 1048576K
}
Event: 8.856 GC heap before
{Heap before GC invocations=4 (full 1):
 PSYoungGen      total 38400K, used 5116K [0x00000000d5d80000, 0x00000000d8800000, 0x0000000100000000)
  eden space 33280K, 0% used [0x00000000d5d80000,0x00000000d5d80000,0x00000000d7e00000)
  from space 5120K, 99% used [0x00000000d7e00000,0x00000000d82ff3f0,0x00000000d8300000)
  to   space 5120K, 0% used [0x00000000d8300000,0x00000000d8300000,0x00000000d8800000)
 ParOldGen       total 87552K, used 8548K [0x0000000081800000, 0x0000000086d80000, 0x00000000d5d80000)
  object space 87552K, 9% used [0x0000000081800000,0x0000000082059100,0x0000000086d80000)
 Metaspace       used 20260K, capacity 21222K, committed 21296K, reserved 1067008K
  class space    used 2885K, capacity 3098K, committed 3120K, reserved 1048576K
Event: 8.878 GC heap after
Heap after GC invocations=4 (full 1):
 PSYoungGen      total 38400K, used 0K [0x00000000d5d80000, 0x00000000d8800000, 0x0000000100000000)
  eden space 33280K, 0% used [0x00000000d5d80000,0x00000000d5d80000,0x00000000d7e00000)
  from space 5120K, 0% used [0x00000000d7e00000,0x00000000d7e00000,0x00000000d8300000)
  to   space 5120K, 0% used [0x00000000d8300000,0x00000000d8300000,0x00000000d8800000)
 ParOldGen       total 52736K, used 10847K [0x0000000081800000, 0x0000000084b80000, 0x00000000d5d80000)
  object space 52736K, 20% used [0x0000000081800000,0x0000000082297f30,0x0000000084b80000)
 Metaspace       used 20260K, capacity 21222K, committed 21296K, reserved 1067008K
  class space    used 2885K, capacity 3098K, committed 3120K, reserved 1048576K
}

Deoptimization events (10 events):
Event: 11.990 Thread 0x000001a52152b800 Uncommon trap: reason=class_check action=maybe_recompile pc=0x000001a50ad6b6e8 method=java.util.WeakHashMap.eq(Ljava/lang/Object;Ljava/lang/Object;)Z @ 7
Event: 11.991 Thread 0x000001a52152b800 Uncommon trap: reason=unstable_if action=reinterpret pc=0x000001a50b1d6884 method=com.sun.javafx.css.ParsedValueImpl.getContainsLookupsFlag(Ljava/lang/Object;)Z @ 18
Event: 11.993 Thread 0x000001a52152b800 Uncommon trap: reason=class_check action=maybe_recompile pc=0x000001a50ad6b6e8 method=java.util.WeakHashMap.eq(Ljava/lang/Object;Ljava/lang/Object;)Z @ 7
Event: 11.995 Thread 0x000001a52152b800 Uncommon trap: reason=class_check action=maybe_recompile pc=0x000001a50ad6b6e8 method=java.util.WeakHashMap.eq(Ljava/lang/Object;Ljava/lang/Object;)Z @ 7
Event: 12.037 Thread 0x000001a52152b800 Uncommon trap: reason=array_check action=maybe_recompile pc=0x000001a50b2d6ae0 method=com.sun.javafx.css.CompoundSelector.applies(Ljavafx/css/Styleable;[Ljava/util/Set;I)Z @ 128
Event: 12.037 Thread 0x000001a52152b800 Uncommon trap: reason=array_check action=maybe_recompile pc=0x000001a50b2d6ae0 method=com.sun.javafx.css.CompoundSelector.applies(Ljavafx/css/Styleable;[Ljava/util/Set;I)Z @ 128
Event: 12.037 Thread 0x000001a52152b800 Uncommon trap: reason=array_check action=maybe_recompile pc=0x000001a50b2d6ae0 method=com.sun.javafx.css.CompoundSelector.applies(Ljavafx/css/Styleable;[Ljava/util/Set;I)Z @ 128
Event: 12.037 Thread 0x000001a52152b800 Uncommon trap: reason=array_check action=maybe_recompile pc=0x000001a50b2d6ae0 method=com.sun.javafx.css.CompoundSelector.applies(Ljavafx/css/Styleable;[Ljava/util/Set;I)Z @ 128
Event: 12.156 Thread 0x000001a52152b800 Uncommon trap: reason=class_check action=maybe_recompile pc=0x000001a50ad6b6e8 method=java.util.WeakHashMap.eq(Ljava/lang/Object;Ljava/lang/Object;)Z @ 7
Event: 12.158 Thread 0x000001a5213d1800 Uncommon trap: reason=unstable_if action=reinterpret pc=0x000001a50b077490 method=java.lang.Math.round(F)I @ 36

Classes redefined (0 events):
No events

Internal exceptions (10 events):
Event: 7.892 Thread 0x000001a52152b800 Exception <a 'java/lang/NullPointerException'> (0x00000000d7c79910) thrown at [C:\jenkins\workspace\8-2-build-windows-amd64-cygwin\jdk8u261\295\hotspot\src\share\vm\interpreter\linkResolver.cpp, line 1287]
Event: 7.922 Thread 0x000001a52152b800 Exception <a 'java/lang/ArrayIndexOutOfBoundsException'> (0x00000000d7dab1e0) thrown at [C:\jenkins\workspace\8-2-build-windows-amd64-cygwin\jdk8u261\295\hotspot\src\share\vm\runtime\sharedRuntime.cpp, line 605]
Event: 7.922 Thread 0x000001a52152b800 Exception <a 'java/lang/ArrayIndexOutOfBoundsException'> (0x00000000d7dac6b8) thrown at [C:\jenkins\workspace\8-2-build-windows-amd64-cygwin\jdk8u261\295\hotspot\src\share\vm\runtime\sharedRuntime.cpp, line 605]
Event: 7.922 Thread 0x000001a52152b800 Exception <a 'java/lang/ArrayIndexOutOfBoundsException'> (0x00000000d7daee60) thrown at [C:\jenkins\workspace\8-2-build-windows-amd64-cygwin\jdk8u261\295\hotspot\src\share\vm\runtime\sharedRuntime.cpp, line 605]
Event: 7.922 Thread 0x000001a52152b800 Exception <a 'java/lang/ArrayIndexOutOfBoundsException'> (0x00000000d7db0240) thrown at [C:\jenkins\workspace\8-2-build-windows-amd64-cygwin\jdk8u261\295\hotspot\src\share\vm\runtime\sharedRuntime.cpp, line 605]
Event: 8.045 Thread 0x000001a52152b800 Exception <a 'java/lang/ClassNotFoundException': com/sun/org/glassfish/hk2/osgiresourcelocator/ServiceLoader> (0x00000000d6292d30) thrown at [C:\jenkins\workspace\8-2-build-windows-amd64-cygwin\jdk8u261\295\hotspot\src\share\vm\classfile\systemDictionary.
Event: 8.059 Thread 0x000001a52152b800 Exception <a 'java/lang/ClassNotFoundException': com/sun/org/glassfish/hk2/osgiresourcelocator/ServiceLoader> (0x00000000d63291d8) thrown at [C:\jenkins\workspace\8-2-build-windows-amd64-cygwin\jdk8u261\295\hotspot\src\share\vm\classfile\systemDictionary.
Event: 8.885 Thread 0x000001a52152b800 Implicit null exception at 0x000001a50adb9771 to 0x000001a50adb9dbd
Event: 8.912 Thread 0x000001a52152b800 Implicit null exception at 0x000001a50acc2147 to 0x000001a50acc3125
Event: 30.700 Thread 0x000001a534fff800 Exception <a 'java/lang/IllegalStateException'> (0x00000000d6f93cc0) thrown at [C:\jenkins\workspace\8-2-build-windows-amd64-cygwin\jdk8u261\295\hotspot\src\share\vm\prims\jvm.cpp, line 1516]

Events (10 events):
Event: 30.698 Executing VM operation: RevokeBias done
Event: 30.698 Executing VM operation: RevokeBias
Event: 30.699 Executing VM operation: RevokeBias done
Event: 30.699 loading class com/sun/javafx/tk/quantum/QuantumRenderer
Event: 30.699 loading class com/sun/javafx/tk/quantum/QuantumRenderer done
Event: 30.699 Thread 0x000001a537ea2800 Thread exited: 0x000001a537ea2800
Event: 30.699 loading class com/sun/javafx/tk/quantum/QuantumToolkit
Event: 30.699 loading class com/sun/javafx/tk/quantum/QuantumToolkit done
Event: 30.700 Thread 0x000001a534fff800 Thread exited: 0x000001a534fff800
Event: 30.700 Executing VM operation: Exit


Dynamic libraries:
0x00007ff780040000 - 0x00007ff780087000 	C:\Program Files\Java\jdk1.8.0_261\bin\java.exe
0x00007ffada720000 - 0x00007ffada910000 	C:\WINDOWS\SYSTEM32\ntdll.dll
0x00007ffada620000 - 0x00007ffada6d2000 	C:\WINDOWS\System32\KERNEL32.DLL
0x00007ffad7a10000 - 0x00007ffad7cb4000 	C:\WINDOWS\System32\KERNELBASE.dll
0x00007ffad9f80000 - 0x00007ffada023000 	C:\WINDOWS\System32\ADVAPI32.dll
0x00007ffad9160000 - 0x00007ffad91fe000 	C:\WINDOWS\System32\msvcrt.dll
0x00007ffada1d0000 - 0x00007ffada267000 	C:\WINDOWS\System32\sechost.dll
0x00007ffad8f90000 - 0x00007ffad90b0000 	C:\WINDOWS\System32\RPCRT4.dll
0x00007ffada030000 - 0x00007ffada1c5000 	C:\WINDOWS\System32\USER32.dll
0x00007ffad86f0000 - 0x00007ffad8711000 	C:\WINDOWS\System32\win32u.dll
0x00007ffad99b0000 - 0x00007ffad99d6000 	C:\WINDOWS\System32\GDI32.dll
0x00007ffad76a0000 - 0x00007ffad7836000 	C:\WINDOWS\System32\gdi32full.dll
0x00007ffad7910000 - 0x00007ffad79ae000 	C:\WINDOWS\System32\msvcp_win.dll
0x00007ffad7e60000 - 0x00007ffad7f5a000 	C:\WINDOWS\System32\ucrtbase.dll
0x00007ffacc660000 - 0x00007ffacc8e4000 	C:\WINDOWS\WinSxS\amd64_microsoft.windows.common-controls_6595b64144ccf1df_6.0.18362.1016_none_9e7a36bbe461dae4\COMCTL32.dll
0x00007ffad9200000 - 0x00007ffad9535000 	C:\WINDOWS\System32\combase.dll
0x00007ffad7840000 - 0x00007ffad78c0000 	C:\WINDOWS\System32\bcryptPrimitives.dll
0x00007ffada410000 - 0x00007ffada43e000 	C:\WINDOWS\System32\IMM32.DLL
0x00007ffac4410000 - 0x00007ffac4425000 	C:\Program Files\Java\jdk1.8.0_261\jre\bin\vcruntime140.dll
0x00007ffaae430000 - 0x00007ffaae4cb000 	C:\Program Files\Java\jdk1.8.0_261\jre\bin\msvcp140.dll
0x000000006a7c0000 - 0x000000006b02c000 	C:\Program Files\Java\jdk1.8.0_261\jre\bin\server\jvm.dll
0x00007ffada440000 - 0x00007ffada448000 	C:\WINDOWS\System32\PSAPI.DLL
0x00007ffacf090000 - 0x00007ffacf0b4000 	C:\WINDOWS\SYSTEM32\WINMM.dll
0x00007ffaca550000 - 0x00007ffaca559000 	C:\WINDOWS\SYSTEM32\WSOCK32.dll
0x00007ffacf070000 - 0x00007ffacf07a000 	C:\WINDOWS\SYSTEM32\VERSION.dll
0x00007ffad9be0000 - 0x00007ffad9c4f000 	C:\WINDOWS\System32\WS2_32.dll
0x00007ffacebf0000 - 0x00007ffacec1d000 	C:\WINDOWS\SYSTEM32\WINMMBASE.dll
0x00007ffad78c0000 - 0x00007ffad790a000 	C:\WINDOWS\System32\cfgmgr32.dll
0x00007ffad7600000 - 0x00007ffad7611000 	C:\WINDOWS\System32\kernel.appcore.dll
0x00007ffac7680000 - 0x00007ffac7690000 	C:\Program Files\Java\jdk1.8.0_261\jre\bin\verify.dll
0x00007ffac3cf0000 - 0x00007ffac3d1b000 	C:\Program Files\Java\jdk1.8.0_261\jre\bin\java.dll
0x00007ffabffa0000 - 0x00007ffabffd6000 	C:\Program Files\Java\jdk1.8.0_261\jre\bin\jdwp.dll
0x00007ffad34d0000 - 0x00007ffad34d9000 	C:\Program Files\Java\jdk1.8.0_261\jre\bin\npt.dll
0x00007ffabf0e0000 - 0x00007ffabf112000 	C:\Program Files\Java\jdk1.8.0_261\jre\bin\instrument.dll
0x00007ffac2310000 - 0x00007ffac2328000 	C:\Program Files\Java\jdk1.8.0_261\jre\bin\zip.dll
0x00007ffad87d0000 - 0x00007ffad8eb7000 	C:\WINDOWS\System32\SHELL32.dll
0x00007ffad9cb0000 - 0x00007ffad9d59000 	C:\WINDOWS\System32\shcore.dll
0x00007ffad7f60000 - 0x00007ffad86e2000 	C:\WINDOWS\System32\windows.storage.dll
0x00007ffad7620000 - 0x00007ffad7643000 	C:\WINDOWS\System32\profapi.dll
0x00007ffad7650000 - 0x00007ffad769a000 	C:\WINDOWS\System32\powrprof.dll
0x00007ffad75d0000 - 0x00007ffad75e0000 	C:\WINDOWS\System32\UMPDC.dll
0x00007ffad9c50000 - 0x00007ffad9ca2000 	C:\WINDOWS\System32\shlwapi.dll
0x00007ffad7e10000 - 0x00007ffad7e27000 	C:\WINDOWS\System32\cryptsp.dll
0x00007ffad34a0000 - 0x00007ffad34aa000 	C:\Program Files\Java\jdk1.8.0_261\jre\bin\dt_socket.dll
0x00007ffad6dd0000 - 0x00007ffad6e37000 	C:\WINDOWS\system32\mswsock.dll
0x000001a521b60000 - 0x000001a521b63000 	C:\Program Files\Java\jdk1.8.0_261\jre\bin\api-ms-win-core-console-l1-1-0.dll
0x000001a521b70000 - 0x000001a521b73000 	C:\Program Files\Java\jdk1.8.0_261\jre\bin\api-ms-win-core-datetime-l1-1-0.dll
0x000001a521b80000 - 0x000001a521b83000 	C:\Program Files\Java\jdk1.8.0_261\jre\bin\api-ms-win-core-debug-l1-1-0.dll
0x000001a521b90000 - 0x000001a521b93000 	C:\Program Files\Java\jdk1.8.0_261\jre\bin\api-ms-win-core-errorhandling-l1-1-0.dll
0x000001a521ba0000 - 0x000001a521ba4000 	C:\Program Files\Java\jdk1.8.0_261\jre\bin\api-ms-win-core-file-l1-1-0.dll
0x000001a521bb0000 - 0x000001a521bb3000 	C:\Program Files\Java\jdk1.8.0_261\jre\bin\api-ms-win-core-file-l1-2-0.dll
0x000001a521bc0000 - 0x000001a521bc3000 	C:\Program Files\Java\jdk1.8.0_261\jre\bin\api-ms-win-core-file-l2-1-0.dll
0x000001a521bd0000 - 0x000001a521bd3000 	C:\Program Files\Java\jdk1.8.0_261\jre\bin\api-ms-win-core-handle-l1-1-0.dll
0x000001a521be0000 - 0x000001a521be3000 	C:\Program Files\Java\jdk1.8.0_261\jre\bin\api-ms-win-core-heap-l1-1-0.dll
0x000001a521bf0000 - 0x000001a521bf3000 	C:\Program Files\Java\jdk1.8.0_261\jre\bin\api-ms-win-core-interlocked-l1-1-0.dll
0x000001a521c00000 - 0x000001a521c03000 	C:\Program Files\Java\jdk1.8.0_261\jre\bin\api-ms-win-core-libraryloader-l1-1-0.dll
0x000001a521c10000 - 0x000001a521c13000 	C:\Program Files\Java\jdk1.8.0_261\jre\bin\api-ms-win-core-localization-l1-2-0.dll
0x000001a521c20000 - 0x000001a521c23000 	C:\Program Files\Java\jdk1.8.0_261\jre\bin\api-ms-win-core-memory-l1-1-0.dll
0x000001a521c30000 - 0x000001a521c33000 	C:\Program Files\Java\jdk1.8.0_261\jre\bin\api-ms-win-core-namedpipe-l1-1-0.dll
0x000001a521c40000 - 0x000001a521c43000 	C:\Program Files\Java\jdk1.8.0_261\jre\bin\api-ms-win-core-processenvironment-l1-1-0.dll
0x000001a521c50000 - 0x000001a521c53000 	C:\Program Files\Java\jdk1.8.0_261\jre\bin\api-ms-win-core-processthreads-l1-1-0.dll
0x000001a521c60000 - 0x000001a521c63000 	C:\Program Files\Java\jdk1.8.0_261\jre\bin\api-ms-win-core-processthreads-l1-1-1.dll
0x000001a521c70000 - 0x000001a521c73000 	C:\Program Files\Java\jdk1.8.0_261\jre\bin\api-ms-win-core-profile-l1-1-0.dll
0x000001a521c80000 - 0x000001a521c83000 	C:\Program Files\Java\jdk1.8.0_261\jre\bin\api-ms-win-core-rtlsupport-l1-1-0.dll
0x000001a521c90000 - 0x000001a521c93000 	C:\Program Files\Java\jdk1.8.0_261\jre\bin\api-ms-win-core-string-l1-1-0.dll
0x000001a521ca0000 - 0x000001a521ca3000 	C:\Program Files\Java\jdk1.8.0_261\jre\bin\api-ms-win-core-synch-l1-1-0.dll
0x000001a521cb0000 - 0x000001a521cb3000 	C:\Program Files\Java\jdk1.8.0_261\jre\bin\api-ms-win-core-synch-l1-2-0.dll
0x000001a521cc0000 - 0x000001a521cc3000 	C:\Program Files\Java\jdk1.8.0_261\jre\bin\api-ms-win-core-sysinfo-l1-1-0.dll
0x000001a521cd0000 - 0x000001a521cd3000 	C:\Program Files\Java\jdk1.8.0_261\jre\bin\api-ms-win-core-timezone-l1-1-0.dll
0x000001a521ce0000 - 0x000001a521ce3000 	C:\Program Files\Java\jdk1.8.0_261\jre\bin\api-ms-win-core-util-l1-1-0.dll
0x000001a521cf0000 - 0x000001a521cf3000 	C:\Program Files\Java\jdk1.8.0_261\jre\bin\api-ms-win-crt-conio-l1-1-0.dll
0x000001a521d00000 - 0x000001a521d04000 	C:\Program Files\Java\jdk1.8.0_261\jre\bin\api-ms-win-crt-convert-l1-1-0.dll
0x000001a521d10000 - 0x000001a521d13000 	C:\Program Files\Java\jdk1.8.0_261\jre\bin\api-ms-win-crt-environment-l1-1-0.dll
0x000001a521d20000 - 0x000001a521d23000 	C:\Program Files\Java\jdk1.8.0_261\jre\bin\api-ms-win-crt-filesystem-l1-1-0.dll
0x000001a521d30000 - 0x000001a521d33000 	C:\Program Files\Java\jdk1.8.0_261\jre\bin\api-ms-win-crt-heap-l1-1-0.dll
0x000001a521d40000 - 0x000001a521d43000 	C:\Program Files\Java\jdk1.8.0_261\jre\bin\api-ms-win-crt-locale-l1-1-0.dll
0x000001a521d50000 - 0x000001a521d55000 	C:\Program Files\Java\jdk1.8.0_261\jre\bin\api-ms-win-crt-math-l1-1-0.dll
0x000001a521d60000 - 0x000001a521d65000 	C:\Program Files\Java\jdk1.8.0_261\jre\bin\api-ms-win-crt-multibyte-l1-1-0.dll
0x000001a521d70000 - 0x000001a521d80000 	C:\Program Files\Java\jdk1.8.0_261\jre\bin\api-ms-win-crt-private-l1-1-0.dll
0x000001a521d80000 - 0x000001a521d83000 	C:\Program Files\Java\jdk1.8.0_261\jre\bin\api-ms-win-crt-process-l1-1-0.dll
0x000001a521d90000 - 0x000001a521d94000 	C:\Program Files\Java\jdk1.8.0_261\jre\bin\api-ms-win-crt-runtime-l1-1-0.dll
0x000001a521da0000 - 0x000001a521da4000 	C:\Program Files\Java\jdk1.8.0_261\jre\bin\api-ms-win-crt-stdio-l1-1-0.dll
0x000001a521db0000 - 0x000001a521db4000 	C:\Program Files\Java\jdk1.8.0_261\jre\bin\api-ms-win-crt-string-l1-1-0.dll
0x000001a521dc0000 - 0x000001a521dc3000 	C:\Program Files\Java\jdk1.8.0_261\jre\bin\api-ms-win-crt-time-l1-1-0.dll
0x000001a521dd0000 - 0x000001a521dd3000 	C:\Program Files\Java\jdk1.8.0_261\jre\bin\api-ms-win-crt-utility-l1-1-0.dll
0x00007ffaab8d0000 - 0x00007ffaab9cc000 	C:\Program Files\Java\jdk1.8.0_261\jre\bin\ucrtbase.dll
0x00007ffabbaa0000 - 0x00007ffabbaf1000 	C:\Program Files\Java\jdk1.8.0_261\jre\bin\concrt140.dll
0x00007ffabefb0000 - 0x00007ffabefd3000 	C:\Program Files\Java\jdk1.8.0_261\jre\bin\prism_d3d.dll
0x00007ffaab9d0000 - 0x00007ffaabb97000 	C:\WINDOWS\system32\d3d9.dll
0x00007ffad5b80000 - 0x00007ffad5bad000 	C:\WINDOWS\SYSTEM32\dwmapi.dll
0x00007ffad6230000 - 0x00007ffad6250000 	C:\WINDOWS\SYSTEM32\dxcore.dll
0x00007ffad4fc0000 - 0x00007ffad5059000 	C:\WINDOWS\system32\uxtheme.dll
0x00007ffaaaec0000 - 0x00007ffaab01d000 	C:\WINDOWS\System32\DriverStore\FileRepository\igdlh64.inf_amd64_4f0ad22c0628d4b8\igdumdim64.dll
0x00007ffa6efc0000 - 0x00007ffa728c6000 	C:\WINDOWS\System32\DriverStore\FileRepository\igdlh64.inf_amd64_4f0ad22c0628d4b8\igd9dxva64.dll
0x00007ffad9a80000 - 0x00007ffad9bd7000 	C:\WINDOWS\System32\ole32.dll
0x00007ffada450000 - 0x00007ffada515000 	C:\WINDOWS\System32\OLEAUT32.dll
0x00007ffad9540000 - 0x00007ffad99b0000 	C:\WINDOWS\System32\SETUPAPI.dll
0x00007ffad7e30000 - 0x00007ffad7e56000 	C:\WINDOWS\System32\bcrypt.dll
0x00007ffaa6d90000 - 0x00007ffaa6f34000 	C:\WINDOWS\System32\DriverStore\FileRepository\igdlh64.inf_amd64_4f0ad22c0628d4b8\igdgmm64.dll
0x00007ffab18d0000 - 0x00007ffab1915000 	C:\Program Files\Java\jdk1.8.0_261\jre\bin\glass.dll
0x00007ffad8ec0000 - 0x00007ffad8f90000 	C:\WINDOWS\System32\COMDLG32.dll
0x00007ffada2d0000 - 0x00007ffada405000 	C:\WINDOWS\System32\MSCTF.dll
0x00007ffac4970000 - 0x00007ffac4996000 	C:\WINDOWS\System32\DriverStore\FileRepository\igdlh64.inf_amd64_4f0ad22c0628d4b8\igdinfo64.dll
0x00007ffa7b000000 - 0x00007ffa7d601000 	C:\WINDOWS\System32\DriverStore\FileRepository\igdlh64.inf_amd64_4f0ad22c0628d4b8\igc64.dll
0x00007fface390000 - 0x00007fface3a4000 	C:\Program Files\Java\jdk1.8.0_261\jre\bin\javafx_font.dll
0x00007ffac0c90000 - 0x00007ffac0f8e000 	C:\WINDOWS\SYSTEM32\dwrite.dll
0x00007ffad90b0000 - 0x00007ffad9152000 	C:\WINDOWS\System32\clbcatq.dll
0x00007ffac2af0000 - 0x00007ffac2c9f000 	C:\WINDOWS\SYSTEM32\WindowsCodecs.dll
0x00007ffacf030000 - 0x00007ffacf06a000 	C:\WINDOWS\system32\dataexchange.dll
0x00007ffad46a0000 - 0x00007ffad487d000 	C:\WINDOWS\system32\dcomp.dll
0x00007ffad3fe0000 - 0x00007ffad423b000 	C:\WINDOWS\system32\d3d11.dll
0x00007ffad62c0000 - 0x00007ffad63ab000 	C:\WINDOWS\system32\dxgi.dll
0x00007ffad5640000 - 0x00007ffad58a2000 	C:\WINDOWS\system32\twinapi.appcore.dll
0x00007ffad5a90000 - 0x00007ffad5ab9000 	C:\WINDOWS\system32\RMCLIENT.dll
0x00007ffabdcf0000 - 0x00007ffabdd23000 	C:\Program Files\Common Files\Microsoft Shared\Ink\rtscom.dll
0x00007ffacdfe0000 - 0x00007fface07e000 	C:\WINDOWS\System32\TextInputFramework.dll
0x00007ffac2530000 - 0x00007ffac285a000 	C:\WINDOWS\System32\CoreUIComponents.dll
0x00007ffad4bf0000 - 0x00007ffad4cc4000 	C:\WINDOWS\System32\CoreMessaging.dll
0x00007ffad6620000 - 0x00007ffad6651000 	C:\WINDOWS\SYSTEM32\ntmarta.dll
0x00007ffad31f0000 - 0x00007ffad3343000 	C:\WINDOWS\SYSTEM32\wintypes.dll
0x00007ffac8190000 - 0x00007ffac8436000 	C:\WINDOWS\System32\iertutil.dll
0x00007ffabc5e0000 - 0x00007ffabc5f2000 	C:\Program Files\Java\jdk1.8.0_261\jre\bin\prism_common.dll
0x00007ffad5460000 - 0x00007ffad5550000 	C:\WINDOWS\SYSTEM32\PROPSYS.dll
0x00007ffaa75b0000 - 0x00007ffaa7763000 	C:\WINDOWS\SYSTEM32\DUI70.dll
0x00007ffacd0d0000 - 0x00007ffacd163000 	C:\WINDOWS\SYSTEM32\DUser.dll
0x00007ffac2330000 - 0x00007ffac23d4000 	C:\Program Files\Common Files\microsoft shared\ink\tiptsf.dll
0x00007ffaaf8c0000 - 0x00007ffaaf8e3000 	C:\WINDOWS\SYSTEM32\edputil.dll
0x00007ffac0210000 - 0x00007ffac0416000 	C:\WINDOWS\system32\explorerframe.dll

VM Arguments:
jvm_args: -agentlib:jdwp=transport=dt_socket,address=127.0.0.1:49505,suspend=y,server=n -javaagent:C:\Users\kendl\AppData\Local\JetBrains\IntelliJIdea2020.1\captureAgent\debugger-agent.jar -Dfile.encoding=UTF-8 
java_command: UI
java_class_path (initial): C:\Program Files\Java\jdk1.8.0_261\jre\lib\charsets.jar;C:\Program Files\Java\jdk1.8.0_261\jre\lib\deploy.jar;C:\Program Files\Java\jdk1.8.0_261\jre\lib\ext\access-bridge-64.jar;C:\Program Files\Java\jdk1.8.0_261\jre\lib\ext\cldrdata.jar;C:\Program Files\Java\jdk1.8.0_261\jre\lib\ext\dnsns.jar;C:\Program Files\Java\jdk1.8.0_261\jre\lib\ext\jaccess.jar;C:\Program Files\Java\jdk1.8.0_261\jre\lib\ext\jfxrt.jar;C:\Program Files\Java\jdk1.8.0_261\jre\lib\ext\localedata.jar;C:\Program Files\Java\jdk1.8.0_261\jre\lib\ext\nashorn.jar;C:\Program Files\Java\jdk1.8.0_261\jre\lib\ext\sunec.jar;C:\Program Files\Java\jdk1.8.0_261\jre\lib\ext\sunjce_provider.jar;C:\Program Files\Java\jdk1.8.0_261\jre\lib\ext\sunmscapi.jar;C:\Program Files\Java\jdk1.8.0_261\jre\lib\ext\sunpkcs11.jar;C:\Program Files\Java\jdk1.8.0_261\jre\lib\ext\zipfs.jar;C:\Program Files\Java\jdk1.8.0_261\jre\lib\javaws.jar;C:\Program Files\Java\jdk1.8.0_261\jre\lib\jce.jar;C:\Program Files\Java\jdk1.8.0_261\jre\lib\jfr.jar;C:\Program Files\Java\jdk1.8.0_261\jre\lib\jfxswt.jar;C:\Program Files\Java\jdk1.8.0_261\jre\lib\jsse.jar;C:\Program Files\Java\jdk1.8.0_261\jre\lib\management-agent.jar;C:\Program Files\Java\jdk1.8.0_261\jre\lib\plugin.jar;C:\Program Files\Java\jdk1.8.0_261\jre\lib\resources.jar;C:\Program Files\Java\jdk1.8.0_261\jre\lib\rt.jar;C:\Documents\SDM\out\production\FXUI;C:\Documents\SDM\out\production\SDMLogic;C:\Program Files\JetBrains\IntelliJ IDEA 2020.1.3\lib\idea_rt.jar;C:\Users\kendl\AppData\Local\JetBrains\IntelliJIdea2020.1\captureAgent\debugger-agent.jar
Launcher Type: SUN_STANDARD

Environment Variables:
PATH=C:\Program Files (x86)\Common Files\Oracle\Java\javapath;C:\Program Files (x86)\Intel\Intel(R) Management Engine Components\iCLS\;C:\Program Files\Intel\Intel(R) Management Engine Components\iCLS\;C:\WINDOWS\system32;C:\WINDOWS;C:\WINDOWS\System32\Wbem;C:\WINDOWS\System32\WindowsPowerShell\v1.0\;C:\WINDOWS\System32\OpenSSH\;C:\Program Files (x86)\Intel\Intel(R) Management Engine Components\DAL;C:\Program Files\Intel\Intel(R) Management Engine Components\DAL;C:\Program Files (x86)\Intel\Intel(R) Management Engine Components\IPT;C:\Program Files\Intel\Intel(R) Management Engine Components\IPT;C:\Program Files\Microsoft SQL Server\130\Tools\Binn\;C:\Program Files\dotnet\;C:\Program Files\Intel\WiFi\bin\;C:\Program Files\Common Files\Intel\WirelessCommon\;C:\Program Files\Git\cmd;C:\Users\kendl\AppData\Local\Microsoft\WindowsApps;C:\Program Files\Java\jdk1.8.0_261\bin;;C:\Users\kendl\AppData\Local\Programs\Microsoft VS Code\bin
USERNAME=kendl
OS=Windows_NT
PROCESSOR_IDENTIFIER=Intel64 Family 6 Model 142 Stepping 10, GenuineIntel



---------------  S Y S T E M  ---------------

OS: Windows 10.0 , 64 bit Build 18362 (10.0.18362.959)

CPU:total 8 (initial active 8) (4 cores per cpu, 2 threads per core) family 6 model 142 stepping 10, cmov, cx8, fxsr, mmx, sse, sse2, sse3, ssse3, sse4.1, sse4.2, popcnt, avx, avx2, aes, clmul, erms, 3dnowpref, lzcnt, ht, tsc, tscinvbit, bmi1, bmi2, adx

Memory: 4k page, physical 8286596k(1013060k free), swap 19822752k(5490732k free)

vm_info: Java HotSpot(TM) 64-Bit Server VM (25.261-b12) for windows-amd64 JRE (1.8.0_261-b12), built on Jun 18 2020 06:56:32 by "" with unknown MS VC++:1916

time: Mon Sep  7 18:33:52 2020
timezone: ???? º?? ???????
elapsed time: 31 seconds (0d 0h 0m 31s)

